Comprehensive CUDA Module Analysis
Generated: Fri Jul 25 11:19:53 PM BST 2025
=================================
[INFO] Starting comprehensive CUDA module analysis...
[SUCCESS] CUDA detected - ready for comprehensive conversion
[INFO] NVCC version: 12.6.85
[INFO] Analyzing all SuperDARN modules for CUDA conversion potential...
[INFO] Found 43 total modules to analyze
[INFO] Analyzing module: acf.1.16
[PRIORITY] acf.1.16 - HIGH PRIORITY (Score: 65)
[INFO] Analyzing module: acf.1.16_optimized.2.0
[SUCCESS] acf.1.16_optimized.2.0 - Already has CUDA support
[INFO] Analyzing module: acfex.1.3
[PRIORITY] acfex.1.3 - HIGH PRIORITY (Score: 80)
[INFO] Analyzing module: binplotlib.1.0
[PRIORITY] binplotlib.1.0 - HIGH PRIORITY (Score: 95)
[INFO] Analyzing module: binplotlib.1.0_optimized.2.0
[SUCCESS] binplotlib.1.0_optimized.2.0 - Already has CUDA support
[INFO] Analyzing module: cfit.1.19
[SUCCESS] cfit.1.19 - Already has CUDA support
[INFO] Analyzing module: channel.1.0
[INFO] channel.1.0 - LOW PRIORITY (Score: 10)
[INFO] Analyzing module: cnvmap.1.17
[PRIORITY] cnvmap.1.17 - HIGH PRIORITY (Score: 105)
[INFO] Analyzing module: cnvmodel.1.0
[PRIORITY] cnvmodel.1.0 - HIGH PRIORITY (Score: 130)
[INFO] Analyzing module: cuda_common
[SUCCESS] cuda_common - Already has CUDA support
[INFO] Analyzing module: elevation.1.0
[SUCCESS] elevation.1.0 - Already has CUDA support
[INFO] Analyzing module: filter.1.8
[SUCCESS] filter.1.8 - Already has CUDA support
[INFO] Analyzing module: fit.1.35
[PRIORITY] fit.1.35 - HIGH PRIORITY (Score: 125)
[INFO] Analyzing module: fitacf.2.5
[SUCCESS] fitacf.2.5 - Already has CUDA support
[INFO] Analyzing module: fitacfex.1.3
[PRIORITY] fitacfex.1.3 - HIGH PRIORITY (Score: 100)
[INFO] Analyzing module: fitacfex2.1.0
[PRIORITY] fitacfex2.1.0 - HIGH PRIORITY (Score: 100)
[INFO] Analyzing module: fitacf_v3.0
[SUCCESS] fitacf_v3.0 - Already has CUDA support
[INFO] Analyzing module: fitcnx.1.16
[PRIORITY] fitcnx.1.16 - HIGH PRIORITY (Score: 40)
[INFO] Analyzing module: freqband.1.0
[PRIORITY] freqband.1.0 - HIGH PRIORITY (Score: 90)
[INFO] Analyzing module: grid.1.24
[PRIORITY] grid.1.24 - HIGH PRIORITY (Score: 85)
[INFO] Analyzing module: grid.1.24_optimized.1
[PRIORITY] grid.1.24_optimized.1 - HIGH PRIORITY (Score: 160)
[INFO] Analyzing module: gtable.2.0
[PRIORITY] gtable.2.0 - HIGH PRIORITY (Score: 100)
[INFO] Analyzing module: gtablewrite.1.9
[PRIORITY] gtablewrite.1.9 - HIGH PRIORITY (Score: 40)
[INFO] Analyzing module: hmb.1.0
[PRIORITY] hmb.1.0 - HIGH PRIORITY (Score: 70)
[INFO] Analyzing module: idl.tar.gz
[INFO] idl.tar.gz - UTILITY/IO MODULE (Score: )
[INFO] Analyzing module: iq.1.7
[SUCCESS] iq.1.7 - Already has CUDA support
[INFO] Analyzing module: lmfit.1.0
[PRIORITY] lmfit.1.0 - HIGH PRIORITY (Score: 120)
[INFO] Analyzing module: lmfit_v2.0
[SUCCESS] lmfit_v2.0 - Already has CUDA support
[INFO] Analyzing module: oldcnvmap.1.2
[PRIORITY] oldcnvmap.1.2 - HIGH PRIORITY (Score: 85)
[INFO] Analyzing module: oldfit.1.25
[PRIORITY] oldfit.1.25 - HIGH PRIORITY (Score: 85)
[INFO] Analyzing module: oldfitcnx.1.10
[PRIORITY] oldfitcnx.1.10 - HIGH PRIORITY (Score: 60)
[INFO] Analyzing module: oldgrid.1.3
[PRIORITY] oldgrid.1.3 - HIGH PRIORITY (Score: 65)
[INFO] Analyzing module: oldgtablewrite.1.4
[PRIORITY] oldgtablewrite.1.4 - HIGH PRIORITY (Score: 55)
[INFO] Analyzing module: oldraw.1.16
[PRIORITY] oldraw.1.16 - HIGH PRIORITY (Score: 65)
[INFO] Analyzing module: radar.1.22
[SUCCESS] radar.1.22 - Already has CUDA support
[INFO] Analyzing module: raw.1.22
[SUCCESS] raw.1.22 - Already has CUDA support
[INFO] Analyzing module: rpos.1.7
[PRIORITY] rpos.1.7 - HIGH PRIORITY (Score: 65)
[INFO] Analyzing module: scan.1.7
[SUCCESS] scan.1.7 - Already has CUDA support
[INFO] Analyzing module: shf.1.10
[PRIORITY] shf.1.10 - HIGH PRIORITY (Score: 115)
[INFO] Analyzing module: sim_data.1.0
[PRIORITY] sim_data.1.0 - HIGH PRIORITY (Score: 100)
[INFO] Analyzing module: smr.1.7
[PRIORITY] smr.1.7 - HIGH PRIORITY (Score: 80)
[INFO] Analyzing module: snd.1.0
[PRIORITY] snd.1.0 - HIGH PRIORITY (Score: 80)
[INFO] Analyzing module: tsg.1.13
[PRIORITY] tsg.1.13 - HIGH PRIORITY (Score: 65)
[SUCCESS] Comprehensive CUDA analysis completed!
[INFO] Next step: Begin systematic conversion of high-priority modules
